Arguments: 
  C:\Program Files\nodejs\node.exe C:\Program Files (x86)\Yarn\bin\yarn.js add react-native-star-rating

PATH: 
  E:\projectC\product_haraj-master\node_modules\.bin;C:\Program Files (x86)\Common Files\Oracle\Java\javapath;C:\Python27\;C:\Python27\Scripts;C:\WINDOWS\system32;C:\WINDOWS;C:\WINDOWS\System32\Wbem;C:\WINDOWS\System32\WindowsPowerShell\v1.0\;C:\Program Files\nodejs\;C:\ProgramData\chocolatey\bin;C:\Program Files\Git\cmd;C:\WINDOWS\System32\OpenSSH\;C:\Program Files (x86)\Yarn\bin\;C:\Users\naiem\AppData\Local\Microsoft\WindowsApps;C:\Users\naiem\AppData\Roaming\npm;C:\Users\naiem\AppData\Local\Yarn\bin

Yarn version: 
  1.19.2

Node version: 
  12.13.1

Platform: 
  win32 x64

Trace: 
  Error: EPERM: operation not permitted, unlink 'E:\projectC\product_haraj-master\node_modules\@react-native-community\cli\node_modules\node-fetch\lib'

npm manifest: 
  {
    "name": "empty-project-template",
    "main": "node_modules/expo/AppEntry.js",
    "scripts": {
      "start": "expo start",
      "android": "expo start --android",
      "ios": "expo start --ios",
      "eject": "expo eject"
    },
    "dependencies": {
      "@unimodules/react-native-adapter": "^2.0.1",
      "axios": "^0.19.0",
      "electron": "^5.0.3",
      "ex-react-native-i18n": "0.0.5",
      "expo": "^35.0.0",
      "expo-av": "~5.0.2",
      "expo-camera": "^6.0.0",
      "expo-file-system": "~5.0.1",
      "expo-font": "~7.0.0",
      "expo-image-picker": "~5.0.2",
      "expo-location": "~5.0.1",
      "expo-multiple-imagepicker": "^1.0.6",
      "expo-permissions": "^8.0.0",
      "expo-video-thumbnails": "^1.0.1",
      "native-base": "^2.13.8",
      "react": "16.8.3",
      "react-native": "https://github.com/expo/react-native/archive/sdk-35.0.0.tar.gz",
      "react-native-animatable": "^1.3.3",
      "react-native-animated-loader": "0.0.7",
      "react-native-axios": "^0.17.1",
      "react-native-base64": "0.0.2",
      "react-native-gesture-handler": "^1.5.3",
      "react-native-grading": "^1.0.3",
      "react-native-image-crop-picker": "^0.25.0",
      "react-native-image-progress": "^1.1.1",
      "react-native-image-view": "^2.1.5",
      "react-native-image-zoom-viewer": "^2.2.26",
      "react-native-keyboard-aware-scroll-view": "^0.8.0",
      "react-native-lightbox": "^0.8.0",
      "react-native-loader": "^1.2.1",
      "react-native-loading-spinner-overlay": "^1.0.1",
      "react-native-location": "^2.3.0",
      "react-native-maps": "~0.24.0",
      "react-native-modal": "^11.0.1",
      "react-native-progress": "^3.6.0",
      "react-native-render-html": "^4.1.2",
      "react-native-restart": "0.0.12",
      "react-native-simple-toast": "0.0.8",
      "react-native-swiper": "^1.5.14",
      "react-native-unimodules": "^0.4.1",
      "react-native-webview": "^8.0.3",
      "react-navigation": "^3.11.0",
      "react-redux": "^6.0.1",
      "redux": "^4.0.1",
      "redux-persist": "^5.10.0",
      "redux-thunk": "^2.3.0",
      "validate.js": "^0.12.0"
    },
    "devDependencies": {
      "babel-preset-expo": "^5.0.0",
      "reactotron-react-native": "^2.1.0",
      "schedule": "^0.4.0"
    },
    "private": true
  }

yarn manifest: 
  No manifest

Lockfile: 
  No lockfile
